<?xml version="1.0" encoding="UTF-8"?>
<testng-results skipped="0" failed="0" total="2" passed="2">
  <reporter-output>
  </reporter-output>
  <suite name="Default suite" duration-ms="18618" started-at="2014-03-10T09:16:17Z" finished-at="2014-03-10T09:16:35Z">
    <groups>
    </groups>
    <test name="Default test" duration-ms="18618" started-at="2014-03-10T09:16:17Z" finished-at="2014-03-10T09:16:35Z">
      <class name="com.example.tests.AddressCreationTests">
        <test-method status="PASS" signature="setUp()[pri:0, instance:com.example.tests.AddressCreationTests@12a518fc]" name="setUp" is-config="true" duration-ms="13434" started-at="2014-03-10T13:16:17Z" finished-at="2014-03-10T13:16:30Z">
          <reporter-output>
          </reporter-output>
        </test-method> <!-- setUp -->
        <test-method status="PASS" signature="testEmptyAddressBookCreation()[pri:0, instance:com.example.tests.AddressCreationTests@12a518fc]" name="testEmptyAddressBookCreation" duration-ms="2215" started-at="2014-03-10T13:16:30Z" finished-at="2014-03-10T13:16:32Z">
          <reporter-output>
          </reporter-output>
        </test-method> <!-- testEmptyAddressBookCreation -->
        <test-method status="PASS" signature="testNonEmptyAddressBookCreation()[pri:0, instance:com.example.tests.AddressCreationTests@12a518fc]" name="testNonEmptyAddressBookCreation" duration-ms="2797" started-at="2014-03-10T13:16:32Z" finished-at="2014-03-10T13:16:35Z">
          <reporter-output>
          </reporter-output>
        </test-method> <!-- testNonEmptyAddressBookCreation -->
        <test-method status="PASS" signature="tearDown()[pri:0, instance:com.example.tests.AddressCreationTests@12a518fc]" name="tearDown" is-config="true" duration-ms="160" started-at="2014-03-10T13:16:35Z" finished-at="2014-03-10T13:16:35Z">
          <reporter-output>
          </reporter-output>
        </test-method> <!-- tearDown -->
      </class> <!-- com.example.tests.AddressCreationTests -->
    </test> <!-- Default test -->
  </suite> <!-- Default suite -->
</testng-results>
