<?xml version="1.0" encoding="UTF-8"?>
<testng-results skipped="0" failed="0" total="4" passed="4">
  <reporter-output>
  </reporter-output>
  <suite name="Default suite" duration-ms="19261" started-at="2014-03-09T19:43:45Z" finished-at="2014-03-09T19:44:04Z">
    <groups>
    </groups>
    <test name="Default test" duration-ms="19261" started-at="2014-03-09T19:43:45Z" finished-at="2014-03-09T19:44:04Z">
      <class name="com.example.tests.GroupCreationTests">
        <test-method status="PASS" signature="testEmptyGroupCreation()[pri:0, instance:com.example.tests.GroupCreationTests@3ff33ecb]" name="testEmptyGroupCreation" duration-ms="1592" started-at="2014-03-09T23:43:59Z" finished-at="2014-03-09T23:44:00Z">
          <reporter-output>
          </reporter-output>
        </test-method> <!-- testEmptyGroupCreation -->
        <test-method status="PASS" signature="testNonEmptyGroupCreation()[pri:0, instance:com.example.tests.GroupCreationTests@3ff33ecb]" name="testNonEmptyGroupCreation" duration-ms="1772" started-at="2014-03-09T23:44:00Z" finished-at="2014-03-09T23:44:02Z">
          <reporter-output>
          </reporter-output>
        </test-method> <!-- testNonEmptyGroupCreation -->
      </class> <!-- com.example.tests.GroupCreationTests -->
      <class name="com.example.tests.TestBase">
        <test-method status="PASS" signature="setUp()[pri:0, instance:com.example.tests.TestBase@4e3dabe4]" name="setUp" is-config="true" duration-ms="13746" started-at="2014-03-09T23:43:45Z" finished-at="2014-03-09T23:43:59Z">
          <reporter-output>
          </reporter-output>
        </test-method> <!-- setUp -->
        <test-method status="PASS" signature="tearDown()[pri:0, instance:com.example.tests.TestBase@4e3dabe4]" name="tearDown" is-config="true" duration-ms="169" started-at="2014-03-09T23:44:04Z" finished-at="2014-03-09T23:44:04Z">
          <reporter-output>
          </reporter-output>
        </test-method> <!-- tearDown -->
      </class> <!-- com.example.tests.TestBase -->
      <class name="com.example.tests.AlsoOfGroupCreationTests">
        <test-method status="PASS" signature="testEmptyGroupCreation()[pri:0, instance:com.example.tests.AlsoOfGroupCreationTests@56cfd14a]" name="testEmptyGroupCreation" duration-ms="961" started-at="2014-03-09T23:44:02Z" finished-at="2014-03-09T23:44:03Z">
          <reporter-output>
          </reporter-output>
        </test-method> <!-- testEmptyGroupCreation -->
        <test-method status="PASS" signature="testNonEmptyGroupCreation()[pri:0, instance:com.example.tests.AlsoOfGroupCreationTests@56cfd14a]" name="testNonEmptyGroupCreation" duration-ms="1006" started-at="2014-03-09T23:44:03Z" finished-at="2014-03-09T23:44:04Z">
          <reporter-output>
          </reporter-output>
        </test-method> <!-- testNonEmptyGroupCreation -->
      </class> <!-- com.example.tests.AlsoOfGroupCreationTests -->
    </test> <!-- Default test -->
  </suite> <!-- Default suite -->
</testng-results>
