<?xml version="1.0" encoding="UTF-8"?>
<!-- Generated by org.testng.reporters.JUnitXMLReporter -->
<testsuite hostname="Dgarvis" name="Default test" tests="2" failures="0" timestamp="10 Mar 2014 09:16:35 GMT" time="18.618" errors="0">
  <testcase name="testEmptyAddressBookCreation" time="2.215" classname="com.example.tests.AddressCreationTests"/>
  <testcase name="testNonEmptyAddressBookCreation" time="2.797" classname="com.example.tests.AddressCreationTests"/>
</testsuite> <!-- Default test -->
