<?xml version="1.0" encoding="UTF-8"?>
<!-- Generated by org.testng.reporters.JUnitXMLReporter -->
<testsuite hostname="Dgarvis" name="Default test" tests="2" failures="0" timestamp="10 Mar 2014 18:54:25 GMT" time="78.467" errors="0">
  <testcase name="testEmptyAddressBookCreation" time="22.239" classname="com.example.tests.AddressCreationTests"/>
  <testcase name="testNonEmptyAddressBookCreation" time="22.028" classname="com.example.tests.AddressCreationTests"/>
</testsuite> <!-- Default test -->
